android/app/build/intermediates/manifest_merge_blame_file/debug/processDebugMainManifest/manifest-merger-blame-debug-report.txt
1<?xml version="1.0" encoding="utf-8"?>
2<manifest xmlns:android="http://schemas.android.com/apk/res/android"
3    package="com.example.payrailpos"
4    android:versionCode="1"
5    android:versionName="1.0.0" >
6
7    <uses-sdk
8        android:minSdkVersion="21"
9        android:targetSdkVersion="35" />
10    <!--
11         The INTERNET permission is required for development. Specifically,
12         the Flutter tool needs it to communicate with the running application
13         to allow setting breakpoints, to provide hot reload, etc.
14    -->
15    <uses-permission android:name="android.permission.INTERNET" />
15-->src/debug/AndroidManifest.xml:6:5-66
15-->src/debug/AndroidManifest.xml:6:22-64
16    <!--
17     Required to query activities that can process text, see:
18         https://developer.android.com/training/package-visibility?hl=en and
19         https://developer.android.com/reference/android/content/Intent#ACTION_PROCESS_TEXT.
20
21         In particular, this is used by the Flutter engine in io.flutter.plugin.text.ProcessTextPlugin.
22    -->
23    <queries>
23-->src/main/AndroidManifest.xml:37:5-42:15
24        <intent>
24-->src/main/AndroidManifest.xml:38:9-41:18
25            <action android:name="android.intent.action.PROCESS_TEXT" />
25-->src/main/AndroidManifest.xml:39:13-72
25-->src/main/AndroidManifest.xml:39:21-70
26
27            <data android:mimeType="text/plain" />
27-->src/main/AndroidManifest.xml:40:13-50
27-->src/main/AndroidManifest.xml:40:19-48
28        </intent>
29    </queries>
30
31    <uses-permission android:name="android.permission.WRITE_EXTERNAL_STORAGE" /> <!-- 1、设置打印机权限 -->
31-->[:flutteremv] AndroidManifest.xml:8:5-81
31-->[:flutteremv] AndroidManifest.xml:8:22-78
32    <uses-permission android:name="android.permission.CLOUDPOS_PRINTER" /> <!-- 2、访问密码键盘权限 -->
32-->[:flutteremv] AndroidManifest.xml:9:5-75
32-->[:flutteremv] AndroidManifest.xml:9:22-72
33    <uses-permission android:name="android.permission.CLOUDPOS_PINPAD" /> <!-- 3、密码键盘计算Pinblock权限 -->
33-->[:flutteremv] AndroidManifest.xml:10:5-74
33-->[:flutteremv] AndroidManifest.xml:10:22-71
34    <uses-permission android:name="android.permission.CLOUDPOS_PINPAD_PIN_BLOCK" /> <!-- 4、密码键盘计算Mac权限 -->
34-->[:flutteremv] AndroidManifest.xml:11:5-84
34-->[:flutteremv] AndroidManifest.xml:11:22-81
35    <uses-permission android:name="android.permission.CLOUDPOS_PINPAD_PIN_MAC" /> <!-- 5、密码键盘加密数据权限 -->
35-->[:flutteremv] AndroidManifest.xml:12:5-82
35-->[:flutteremv] AndroidManifest.xml:12:22-79
36    <uses-permission android:name="android.permission.CLOUDPOS_PINPAD_ENCRYPT_DATA" /> <!-- 6、密码键盘更新终端主密钥权限 -->
36-->[:flutteremv] AndroidManifest.xml:13:5-87
36-->[:flutteremv] AndroidManifest.xml:13:22-84
37    <uses-permission android:name="android.permission.CLOUDPOS_PINPAD_UPDATE_MKEY" /> <!-- 7、密码键盘更新⼯作密钥权限 -->
37-->[:flutteremv] AndroidManifest.xml:14:5-86
37-->[:flutteremv] AndroidManifest.xml:14:22-83
38    <uses-permission android:name="android.permission.CLOUDPOS_PINPAD_UPDATE_WKEY" /> <!-- 8、访问接触式IC卡读卡设备权限 -->
38-->[:flutteremv] AndroidManifest.xml:15:5-86
38-->[:flutteremv] AndroidManifest.xml:15:22-83
39    <uses-permission android:name="android.permission.CLOUDPOS_ICCARD" /> <!-- 9、访问EMV权限 -->
39-->[:flutteremv] AndroidManifest.xml:16:5-74
39-->[:flutteremv] AndroidManifest.xml:16:22-71
40    <uses-permission android:name="android.permission.CLOUDPOS_EMVL2" /> <!-- 10、访问⾮接触IC卡读卡设备权限 -->
40-->[:flutteremv] AndroidManifest.xml:17:5-73
40-->[:flutteremv] AndroidManifest.xml:17:22-70
41    <uses-permission android:name="android.permission.CLOUDPOS_RFCARD" /> <!-- 11、访问磁条卡读卡器设备权限 -->
41-->[:flutteremv] AndroidManifest.xml:18:5-74
41-->[:flutteremv] AndroidManifest.xml:18:22-71
42    <uses-permission android:name="android.permission.CLOUDPOS_MAGCARD" /> <!-- 12、获取磁道明⽂接⼜权限 -->
42-->[:flutteremv] AndroidManifest.xml:19:5-75
42-->[:flutteremv] AndroidManifest.xml:19:22-72
43    <uses-permission android:name="android.permission.CLOUDPOS_MAGCARD_GETTRACKDATA" /> <!-- 13、获取磁道密⽂数据接⼜权限 -->
43-->[:flutteremv] AndroidManifest.xml:20:5-88
43-->[:flutteremv] AndroidManifest.xml:20:22-85
44    <uses-permission android:name="android.permission.CLOUDPOS_MAGCARD_GETENCRYPTTRACKDATA" /> <!-- 14、访问PSAM卡设备权限 -->
44-->[:flutteremv] AndroidManifest.xml:21:5-95
44-->[:flutteremv] AndroidManifest.xml:21:22-92
45    <uses-permission android:name="android.permission.CLOUDPOS_PSAMCARD" /> <!-- 15、访问串⼜设备权限 -->
45-->[:flutteremv] AndroidManifest.xml:22:5-76
45-->[:flutteremv] AndroidManifest.xml:22:22-73
46    <uses-permission android:name="android.permission.CLOUDPOS_SERIALPORT" /> <!-- 16、访问系统设备权限 -->
46-->[:flutteremv] AndroidManifest.xml:23:5-78
46-->[:flutteremv] AndroidManifest.xml:23:22-75
47    <uses-permission android:name="android.permission.CLOUDPOS_SYSTEMDEV" /> <!-- 17、设置系统时钟权限 -->
47-->[:flutteremv] AndroidManifest.xml:24:5-77
47-->[:flutteremv] AndroidManifest.xml:24:22-74
48    <uses-permission android:name="android.permission.CLOUDPOS_SYSTEMDEV_ALARM" /> <!-- 18、访问静默安装权限 -->
48-->[:flutteremv] AndroidManifest.xml:25:5-83
48-->[:flutteremv] AndroidManifest.xml:25:22-80
49    <uses-permission android:name="android.permission.CLOUDPOS_SYSTEMDEV_INSTALL" /> <!-- 19、更新终端OS、驱动权限 -->
49-->[:flutteremv] AndroidManifest.xml:26:5-85
49-->[:flutteremv] AndroidManifest.xml:26:22-82
50    <uses-permission android:name="android.permission.CLOUDPOS_SYSTEMDEV_OS_UPDATE" /> <!-- 20、ShellMonitor权限 -->
50-->[:flutteremv] AndroidManifest.xml:27:5-87
50-->[:flutteremv] AndroidManifest.xml:27:22-84
51    <uses-permission android:name="android.permission.CLOUDPOS_SHELLMONITORDEV" /> <!-- 21、接触式CPUCard读卡设备权限 -->
51-->[:flutteremv] AndroidManifest.xml:28:5-83
51-->[:flutteremv] AndroidManifest.xml:28:22-80
52    <uses-permission android:name="android.permission.CLOUDPOS_CPUCARD" /> <!-- 22、收银机设备权限 -->
52-->[:flutteremv] AndroidManifest.xml:29:5-75
52-->[:flutteremv] AndroidManifest.xml:29:22-72
53    <uses-permission android:name="android.permission.CLOUDPOS_CASHER" />
53-->[:flutteremv] AndroidManifest.xml:30:5-74
53-->[:flutteremv] AndroidManifest.xml:30:22-71
54    <uses-permission android:name="android.permission.CAMERA" /> <!-- 往SDCard写入数据权限 -->
54-->[:flutteremv] AndroidManifest.xml:31:5-65
54-->[:flutteremv] AndroidManifest.xml:31:22-62
55    <uses-permission android:name="android.permission.WRITE_EXTERNAL_STORAGE" /> <!-- 在SDCard中创建与删除文件权限 -->
55-->[:flutteremv] AndroidManifest.xml:8:5-81
55-->[:flutteremv] AndroidManifest.xml:8:22-78
56    <uses-permission android:name="android.permission.MOUNT_UNMOUNT_FILESYSTEMS" />
56-->[:flutteremv] AndroidManifest.xml:34:5-84
56-->[:flutteremv] AndroidManifest.xml:34:22-81
57    <uses-permission android:name="android.permission.READ_EXTERNAL_STORAGE" />
58
59    <permission
59-->[androidx.core:core:1.13.1] AndroidManifest.xml:22:5-24:47
60        android:name="com.example.payrailpos.DYNAMIC_RECEIVER_NOT_EXPORTED_PERMISSION"
60-->[androidx.core:core:1.13.1] AndroidManifest.xml:23:9-81
61        android:protectionLevel="signature" />
61-->[androidx.core:core:1.13.1] AndroidManifest.xml:24:9-44
62
63    <uses-permission android:name="com.example.payrailpos.DYNAMIC_RECEIVER_NOT_EXPORTED_PERMISSION" />
63-->[androidx.core:core:1.13.1] AndroidManifest.xml:26:5-97
63-->[androidx.core:core:1.13.1] AndroidManifest.xml:26:22-94
64
65    <application
65-->src/main/AndroidManifest.xml:2:5-31:19
66        android:name="com.a5starcompany.flutteremv.topwise.TopApp"
66-->[:flutteremv] AndroidManifest.xml:36:18-76
67        android:appComponentFactory="androidx.core.app.CoreComponentFactory"
67-->[androidx.core:core:1.13.1] AndroidManifest.xml:28:18-86
68        android:debuggable="true"
69        android:extractNativeLibs="true"
70        android:icon="@mipmap/ic_launcher"
70-->src/main/AndroidManifest.xml:4:9-43
71        android:label="payrailpos" >
71-->src/main/AndroidManifest.xml:3:9-35
72        <activity
72-->src/main/AndroidManifest.xml:5:9-25:20
73            android:name="com.example.payrailpos.MainActivity"
73-->src/main/AndroidManifest.xml:6:13-41
74            android:configChanges="orientation|keyboardHidden|keyboard|screenSize|smallestScreenSize|locale|layoutDirection|fontScale|screenLayout|density|uiMode"
74-->src/main/AndroidManifest.xml:10:13-163
75            android:exported="true"
75-->src/main/AndroidManifest.xml:7:13-36
76            android:hardwareAccelerated="true"
76-->src/main/AndroidManifest.xml:11:13-47
77            android:launchMode="singleTop"
77-->src/main/AndroidManifest.xml:8:13-43
78            android:theme="@style/LaunchTheme"
78-->src/main/AndroidManifest.xml:9:13-47
79            android:windowSoftInputMode="adjustResize" >
79-->src/main/AndroidManifest.xml:12:13-55
80
81            <!--
82                 Specifies an Android theme to apply to this Activity as soon as
83                 the Android process has started. This theme is visible to the user
84                 while the Flutter UI initializes. After that, this theme continues
85                 to determine the Window background behind the Flutter UI.
86            -->
87            <meta-data
87-->src/main/AndroidManifest.xml:17:13-20:17
88                android:name="io.flutter.embedding.android.NormalTheme"
88-->src/main/AndroidManifest.xml:18:15-70
89                android:resource="@style/NormalTheme" />
89-->src/main/AndroidManifest.xml:19:15-52
90
91            <intent-filter>
91-->src/main/AndroidManifest.xml:21:13-24:29
92                <action android:name="android.intent.action.MAIN" />
92-->src/main/AndroidManifest.xml:22:17-68
92-->src/main/AndroidManifest.xml:22:25-66
93
94                <category android:name="android.intent.category.LAUNCHER" />
94-->src/main/AndroidManifest.xml:23:17-76
94-->src/main/AndroidManifest.xml:23:27-74
95            </intent-filter>
96        </activity>
97        <!--
98             Don't delete the meta-data below.
99             This is used by the Flutter tool to generate GeneratedPluginRegistrant.java
100        -->
101        <meta-data
101-->src/main/AndroidManifest.xml:28:9-30:33
102            android:name="flutterEmbedding"
102-->src/main/AndroidManifest.xml:29:13-44
103            android:value="2" />
103-->src/main/AndroidManifest.xml:30:13-30
104
105        <uses-library
105-->[androidx.window:window:1.2.0] AndroidManifest.xml:23:9-25:40
106            android:name="androidx.window.extensions"
106-->[androidx.window:window:1.2.0] AndroidManifest.xml:24:13-54
107            android:required="false" />
107-->[androidx.window:window:1.2.0] AndroidManifest.xml:25:13-37
108        <uses-library
108-->[androidx.window:window:1.2.0] AndroidManifest.xml:26:9-28:40
109            android:name="androidx.window.sidecar"
109-->[androidx.window:window:1.2.0] AndroidManifest.xml:27:13-51
110            android:required="false" />
110-->[androidx.window:window:1.2.0] AndroidManifest.xml:28:13-37
111
112        <provider
112-->[androidx.lifecycle:lifecycle-process:2.7.0] AndroidManifest.xml:24:9-32:20
113            android:name="androidx.startup.InitializationProvider"
113-->[androidx.lifecycle:lifecycle-process:2.7.0] AndroidManifest.xml:25:13-67
114            android:authorities="com.example.payrailpos.androidx-startup"
114-->[androidx.lifecycle:lifecycle-process:2.7.0] AndroidManifest.xml:26:13-68
115            android:exported="false" >
115-->[androidx.lifecycle:lifecycle-process:2.7.0] AndroidManifest.xml:27:13-37
116            <meta-data
116-->[androidx.lifecycle:lifecycle-process:2.7.0] AndroidManifest.xml:29:13-31:52
117                android:name="androidx.lifecycle.ProcessLifecycleInitializer"
117-->[androidx.lifecycle:lifecycle-process:2.7.0] AndroidManifest.xml:30:17-78
118                android:value="androidx.startup" />
118-->[androidx.lifecycle:lifecycle-process:2.7.0] AndroidManifest.xml:31:17-49
119            <meta-data
119-->[androidx.profileinstaller:profileinstaller:1.3.1] AndroidManifest.xml:29:13-31:52
120                android:name="androidx.profileinstaller.ProfileInstallerInitializer"
120-->[androidx.profileinstaller:profileinstaller:1.3.1] AndroidManifest.xml:30:17-85
121                android:value="androidx.startup" />
121-->[androidx.profileinstaller:profileinstaller:1.3.1] AndroidManifest.xml:31:17-49
122        </provider>
123
124        <receiver
124-->[androidx.profileinstaller:profileinstaller:1.3.1] AndroidManifest.xml:34:9-52:20
125            android:name="androidx.profileinstaller.ProfileInstallReceiver"
125-->[androidx.profileinstaller:profileinstaller:1.3.1] AndroidManifest.xml:35:13-76
126            android:directBootAware="false"
126-->[androidx.profileinstaller:profileinstaller:1.3.1] AndroidManifest.xml:36:13-44
127            android:enabled="true"
127-->[androidx.profileinstaller:profileinstaller:1.3.1] AndroidManifest.xml:37:13-35
128            android:exported="true"
128-->[androidx.profileinstaller:profileinstaller:1.3.1] AndroidManifest.xml:38:13-36
129            android:permission="android.permission.DUMP" >
129-->[androidx.profileinstaller:profileinstaller:1.3.1] AndroidManifest.xml:39:13-57
130            <intent-filter>
130-->[androidx.profileinstaller:profileinstaller:1.3.1] AndroidManifest.xml:40:13-42:29
131                <action android:name="androidx.profileinstaller.action.INSTALL_PROFILE" />
131-->[androidx.profileinstaller:profileinstaller:1.3.1] AndroidManifest.xml:41:17-91
131-->[androidx.profileinstaller:profileinstaller:1.3.1] AndroidManifest.xml:41:25-88
132            </intent-filter>
133            <intent-filter>
133-->[androidx.profileinstaller:profileinstaller:1.3.1] AndroidManifest.xml:43:13-45:29
134                <action android:name="androidx.profileinstaller.action.SKIP_FILE" />
134-->[androidx.profileinstaller:profileinstaller:1.3.1] AndroidManifest.xml:44:17-85
134-->[androidx.profileinstaller:profileinstaller:1.3.1] AndroidManifest.xml:44:25-82
135            </intent-filter>
136            <intent-filter>
136-->[androidx.profileinstaller:profileinstaller:1.3.1] AndroidManifest.xml:46:13-48:29
137                <action android:name="androidx.profileinstaller.action.SAVE_PROFILE" />
137-->[androidx.profileinstaller:profileinstaller:1.3.1] AndroidManifest.xml:47:17-88
137-->[androidx.profileinstaller:profileinstaller:1.3.1] AndroidManifest.xml:47:25-85
138            </intent-filter>
139            <intent-filter>
139-->[androidx.profileinstaller:profileinstaller:1.3.1] AndroidManifest.xml:49:13-51:29
140                <action android:name="androidx.profileinstaller.action.BENCHMARK_OPERATION" />
140-->[androidx.profileinstaller:profileinstaller:1.3.1] AndroidManifest.xml:50:17-95
140-->[androidx.profileinstaller:profileinstaller:1.3.1] AndroidManifest.xml:50:25-92
141            </intent-filter>
142        </receiver>
143    </application>
144
145</manifest>